2023-04-27 19:28:53.595 INFO  (main) [   ] o.e.j.u.log Logging initialized @1148ms to org.eclipse.jetty.util.log.Slf4jLog
2023-04-27 19:28:53.850 INFO  (main) [   ] o.e.j.s.Server jetty-9.4.44.v20210927; built: 2021-09-27T23:02:44.612Z; git: 8da83308eeca865e495e53ef315a249d63ba9332; jvm 11.0.18+10-LTS
2023-04-27 19:28:53.865 INFO  (main) [   ] o.e.j.d.p.ScanningAppProvider Deployment monitor [file:///home/ec2-user/solr-8.11.0/server/contexts/] at interval 0
2023-04-27 19:28:54.197 INFO  (main) [   ] o.e.j.w.StandardDescriptorProcessor NO JSP Support for /solr, did not find org.apache.jasper.servlet.JspServlet
2023-04-27 19:28:54.212 INFO  (main) [   ] o.e.j.s.session DefaultSessionIdManager workerName=node0
2023-04-27 19:28:54.212 INFO  (main) [   ] o.e.j.s.session No SessionScavenger set, using defaults
2023-04-27 19:28:54.214 INFO  (main) [   ] o.e.j.s.session node0 Scavenging every 600000ms
2023-04-27 19:28:54.271 INFO  (main) [   ] o.a.s.s.SolrDispatchFilter Using logger factory org.apache.logging.slf4j.Log4jLoggerFactory
2023-04-27 19:28:54.275 INFO  (main) [   ] o.a.s.s.SolrDispatchFilter  ___      _       Welcome to Apache Solr™ version 8.11.0
2023-04-27 19:28:54.275 INFO  (main) [   ] o.a.s.s.SolrDispatchFilter / __| ___| |_ _   Starting in standalone mode on port 8983
2023-04-27 19:28:54.275 INFO  (main) [   ] o.a.s.s.SolrDispatchFilter \__ \/ _ \ | '_|  Install dir: /home/ec2-user/solr-8.11.0
2023-04-27 19:28:54.276 INFO  (main) [   ] o.a.s.s.SolrDispatchFilter |___/\___/_|_|    Start time: 2023-04-27T19:28:54.276148Z
2023-04-27 19:28:54.305 INFO  (main) [   ] o.a.s.c.SolrPaths Using system property solr.solr.home: /home/ec2-user/solr-8.11.0/server/solr
2023-04-27 19:28:54.306 INFO  (main) [   ] o.a.s.c.SolrXmlConfig Loading container configuration from /home/ec2-user/solr-8.11.0/server/solr/solr.xml
2023-04-27 19:28:54.406 INFO  (main) [   ] o.a.s.c.SolrXmlConfig MBean server found: com.sun.jmx.mbeanserver.JmxMBeanServer@5b218417, but no JMX reporters were configured - adding default JMX reporter.
2023-04-27 19:28:55.391 INFO  (main) [   ] o.a.s.h.c.HttpShardHandlerFactory Host whitelist initialized: WhitelistHostChecker [whitelistHosts=null, whitelistHostCheckingEnabled=true]
2023-04-27 19:28:55.537 WARN  (main) [   ] o.e.j.u.s.S.config Trusting all certificates configured for Client@2a32fb6[provider=null,keyStore=null,trustStore=null]
2023-04-27 19:28:55.538 WARN  (main) [   ] o.e.j.u.s.S.config No Client EndPointIdentificationAlgorithm configured for Client@2a32fb6[provider=null,keyStore=null,trustStore=null]
2023-04-27 19:28:55.719 WARN  (main) [   ] o.e.j.u.s.S.config Trusting all certificates configured for Client@608bc8f8[provider=null,keyStore=null,trustStore=null]
2023-04-27 19:28:55.719 WARN  (main) [   ] o.e.j.u.s.S.config No Client EndPointIdentificationAlgorithm configured for Client@608bc8f8[provider=null,keyStore=null,trustStore=null]
2023-04-27 19:28:55.785 INFO  (main) [   ] o.a.s.c.CoreContainer Initializing authorization plugin: solr.RuleBasedAuthorizationPlugin
2023-04-27 19:28:55.797 INFO  (main) [   ] o.a.s.c.CoreContainer Initializing authentication plugin: solr.BasicAuthPlugin
2023-04-27 19:28:55.804 WARN  (main) [   ] o.a.s.c.CoreContainer Solr authentication is enabled, but SSL is off.  Consider enabling SSL to protect user credentials and data with encryption.
2023-04-27 19:28:55.952 INFO  (main) [   ] o.a.s.c.TransientSolrCoreCacheDefault Allocating transient core cache for max 2147483647 cores with initial capacity of 1024
2023-04-27 19:28:55.963 INFO  (main) [   ] o.a.s.h.a.MetricsHistoryHandler No .system collection, keeping metrics history in memory.
2023-04-27 19:28:56.047 INFO  (main) [   ] o.a.s.m.r.SolrJmxReporter JMX monitoring for 'solr.node' (registry 'solr.node') enabled at server: com.sun.jmx.mbeanserver.JmxMBeanServer@5b218417
2023-04-27 19:28:56.047 INFO  (main) [   ] o.a.s.m.r.SolrJmxReporter JMX monitoring for 'solr.jvm' (registry 'solr.jvm') enabled at server: com.sun.jmx.mbeanserver.JmxMBeanServer@5b218417
2023-04-27 19:28:56.049 INFO  (main) [   ] o.a.s.m.r.SolrJmxReporter JMX monitoring for 'solr.jetty' (registry 'solr.jetty') enabled at server: com.sun.jmx.mbeanserver.JmxMBeanServer@5b218417
2023-04-27 19:28:56.088 INFO  (main) [   ] o.a.s.c.CorePropertiesLocator Found 2 core definitions underneath /home/ec2-user/solr-8.11.0/server/solr
2023-04-27 19:28:56.089 INFO  (main) [   ] o.a.s.c.CorePropertiesLocator Cores are: [aequitas_documents, aequitas_test_documents]
2023-04-27 19:28:56.249 INFO  (coreLoadExecutor-13-thread-2) [   x:aequitas_test_documents] o.a.s.c.SolrResourceLoader Added 65 libs to classloader, from paths: [/home/ec2-user/solr-8.11.0/dist]
2023-04-27 19:28:56.250 INFO  (coreLoadExecutor-13-thread-1) [   x:aequitas_documents] o.a.s.c.SolrResourceLoader Added 65 libs to classloader, from paths: [/home/ec2-user/solr-8.11.0/dist]
2023-04-27 19:28:56.355 INFO  (main) [   ] o.e.j.s.h.ContextHandler Started o.e.j.w.WebAppContext@34a97744{/solr,file:///home/ec2-user/solr-8.11.0/server/solr-webapp/webapp/,AVAILABLE}{/home/ec2-user/solr-8.11.0/server/solr-webapp/webapp}
2023-04-27 19:28:56.409 INFO  (main) [   ] o.e.j.s.AbstractConnector Started ServerConnector@4233e892{HTTP/1.1, (http/1.1, h2c)}{0.0.0.0:8983}
2023-04-27 19:28:56.409 INFO  (main) [   ] o.e.j.s.Server Started @3964ms
2023-04-27 19:28:56.658 INFO  (coreLoadExecutor-13-thread-2) [   x:aequitas_test_documents] o.a.s.c.SolrConfig Using Lucene MatchVersion: 8.11.1
2023-04-27 19:28:56.665 INFO  (coreLoadExecutor-13-thread-1) [   x:aequitas_documents] o.a.s.c.SolrConfig Using Lucene MatchVersion: 8.11.1
2023-04-27 19:28:56.696 WARN  (coreLoadExecutor-13-thread-1) [   x:aequitas_documents] o.a.s.c.SolrConfig solrconfig.xml: <jmx> is no longer supported, use solr.xml:/metrics/reporter section instead
2023-04-27 19:28:56.707 WARN  (coreLoadExecutor-13-thread-2) [   x:aequitas_test_documents] o.a.s.c.SolrConfig solrconfig.xml: <jmx> is no longer supported, use solr.xml:/metrics/reporter section instead
2023-04-27 19:28:56.792 INFO  (coreLoadExecutor-13-thread-2) [   x:aequitas_test_documents] o.a.s.s.IndexSchema Schema name=default-config
2023-04-27 19:28:56.805 INFO  (coreLoadExecutor-13-thread-1) [   x:aequitas_documents] o.a.s.s.IndexSchema Schema name=default-config
2023-04-27 19:28:57.057 WARN  (coreLoadExecutor-13-thread-1) [   x:aequitas_documents] o.a.s.D.s.SynonymFilterFactory Solr loaded a deprecated plugin/analysis class [solr.SynonymFilterFactory]. Please consult documentation how to replace it accordingly.
2023-04-27 19:28:57.111 WARN  (coreLoadExecutor-13-thread-1) [   x:aequitas_documents] o.a.s.s.AbstractSpatialPrefixTreeFieldType FieldType SpatialRecursivePrefixTreeFieldType does not allow omitNorms to be specified in schema, hardcoded behavior is omitNorms=true
2023-04-27 19:28:57.111 WARN  (coreLoadExecutor-13-thread-1) [   x:aequitas_documents] o.a.s.s.AbstractSpatialPrefixTreeFieldType FieldType SpatialRecursivePrefixTreeFieldType does not allow omitTermFreqAndPositions to be specified in schema, hardcoded behavior is omitTermFreqAndPositions=true
2023-04-27 19:28:57.111 WARN  (coreLoadExecutor-13-thread-1) [   x:aequitas_documents] o.a.s.s.AbstractSpatialPrefixTreeFieldType FieldType SpatialRecursivePrefixTreeFieldType does not allow termOffsets to be specified in schema, hardcoded behavior is termOffsets=false
2023-04-27 19:28:57.111 WARN  (coreLoadExecutor-13-thread-1) [   x:aequitas_documents] o.a.s.s.AbstractSpatialPrefixTreeFieldType FieldType SpatialRecursivePrefixTreeFieldType does not allow termPositions to be specified in schema, hardcoded behavior is termPositions=false
2023-04-27 19:28:57.111 WARN  (coreLoadExecutor-13-thread-1) [   x:aequitas_documents] o.a.s.s.AbstractSpatialPrefixTreeFieldType FieldType SpatialRecursivePrefixTreeFieldType does not allow omitPositions to be specified in schema, hardcoded behavior is omitPositions=true
2023-04-27 19:28:57.115 WARN  (coreLoadExecutor-13-thread-2) [   x:aequitas_test_documents] o.a.s.s.AbstractSpatialPrefixTreeFieldType FieldType SpatialRecursivePrefixTreeFieldType does not allow omitNorms to be specified in schema, hardcoded behavior is omitNorms=true
2023-04-27 19:28:57.115 WARN  (coreLoadExecutor-13-thread-2) [   x:aequitas_test_documents] o.a.s.s.AbstractSpatialPrefixTreeFieldType FieldType SpatialRecursivePrefixTreeFieldType does not allow omitTermFreqAndPositions to be specified in schema, hardcoded behavior is omitTermFreqAndPositions=true
2023-04-27 19:28:57.115 WARN  (coreLoadExecutor-13-thread-2) [   x:aequitas_test_documents] o.a.s.s.AbstractSpatialPrefixTreeFieldType FieldType SpatialRecursivePrefixTreeFieldType does not allow termOffsets to be specified in schema, hardcoded behavior is termOffsets=false
2023-04-27 19:28:57.115 WARN  (coreLoadExecutor-13-thread-2) [   x:aequitas_test_documents] o.a.s.s.AbstractSpatialPrefixTreeFieldType FieldType SpatialRecursivePrefixTreeFieldType does not allow termPositions to be specified in schema, hardcoded behavior is termPositions=false
2023-04-27 19:28:57.119 WARN  (coreLoadExecutor-13-thread-2) [   x:aequitas_test_documents] o.a.s.s.AbstractSpatialPrefixTreeFieldType FieldType SpatialRecursivePrefixTreeFieldType does not allow omitPositions to be specified in schema, hardcoded behavior is omitPositions=true
2023-04-27 19:28:57.139 INFO  (coreLoadExecutor-13-thread-1) [   x:aequitas_documents] o.a.s.s.IndexSchema Loaded schema default-config/1.6 with uniqueid field id
2023-04-27 19:28:57.139 INFO  (coreLoadExecutor-13-thread-2) [   x:aequitas_test_documents] o.a.s.s.IndexSchema Loaded schema default-config/1.6 with uniqueid field id
2023-04-27 19:29:01.719 INFO  (qtp2024415090-22) [   ] o.a.s.s.HttpSolrCall [admin] webapp=null path=/admin/cores params={indexInfo=false&wt=json&_=1682623741596} status=0 QTime=48
2023-04-27 19:29:01.775 INFO  (qtp2024415090-15) [   ] o.a.s.s.HttpSolrCall [admin] webapp=null path=/admin/info/system params={wt=json&_=1682623741596} status=0 QTime=102
2023-04-27 19:29:02.286 INFO  (coreLoadExecutor-13-thread-1) [   x:aequitas_documents] o.a.s.c.CoreContainer Creating SolrCore 'aequitas_documents' using configuration from instancedir /home/ec2-user/solr-8.11.0/server/solr/aequitas_documents, trusted=true
2023-04-27 19:29:02.326 INFO  (coreLoadExecutor-13-thread-1) [   x:aequitas_documents] o.a.s.m.r.SolrJmxReporter JMX monitoring for 'solr.core.aequitas_documents' (registry 'solr.core.aequitas_documents') enabled at server: com.sun.jmx.mbeanserver.JmxMBeanServer@5b218417
2023-04-27 19:29:02.381 INFO  (coreLoadExecutor-13-thread-1) [   x:aequitas_documents] o.a.s.c.SolrCore [[aequitas_documents] ] Opening new SolrCore at [/home/ec2-user/solr-8.11.0/server/solr/aequitas_documents], dataDir=[/home/ec2-user/solr-8.11.0/server/solr/aequitas_documents/data/]
2023-04-27 19:29:02.660 INFO  (coreLoadExecutor-13-thread-2) [   x:aequitas_test_documents] o.a.s.c.CoreContainer Creating SolrCore 'aequitas_test_documents' using configuration from instancedir /home/ec2-user/solr-8.11.0/server/solr/aequitas_test_documents, trusted=true
2023-04-27 19:29:02.661 INFO  (coreLoadExecutor-13-thread-2) [   x:aequitas_test_documents] o.a.s.m.r.SolrJmxReporter JMX monitoring for 'solr.core.aequitas_test_documents' (registry 'solr.core.aequitas_test_documents') enabled at server: com.sun.jmx.mbeanserver.JmxMBeanServer@5b218417
2023-04-27 19:29:02.661 INFO  (coreLoadExecutor-13-thread-2) [   x:aequitas_test_documents] o.a.s.c.SolrCore [[aequitas_test_documents] ] Opening new SolrCore at [/home/ec2-user/solr-8.11.0/server/solr/aequitas_test_documents], dataDir=[/home/ec2-user/solr-8.11.0/server/solr/aequitas_test_documents/data/]
2023-04-27 19:29:03.333 WARN  (coreLoadExecutor-13-thread-2) [   x:aequitas_test_documents] o.a.s.D.s.StandardRequestHandler Solr loaded a deprecated plugin/analysis class [solr.StandardRequestHandler]. Please consult documentation how to replace it accordingly.
2023-04-27 19:29:03.364 INFO  (coreLoadExecutor-13-thread-2) [   x:aequitas_test_documents] o.a.s.u.UpdateHandler Using UpdateLog implementation: org.apache.solr.update.UpdateLog
2023-04-27 19:29:03.364 INFO  (coreLoadExecutor-13-thread-2) [   x:aequitas_test_documents] o.a.s.u.UpdateLog Initializing UpdateLog: dataDir= defaultSyncLevel=FLUSH numRecordsToKeep=100 maxNumLogsToKeep=10 numVersionBuckets=65536
2023-04-27 19:29:03.367 INFO  (coreLoadExecutor-13-thread-1) [   x:aequitas_documents] o.a.s.u.UpdateHandler Using UpdateLog implementation: org.apache.solr.update.UpdateLog
2023-04-27 19:29:03.367 INFO  (coreLoadExecutor-13-thread-1) [   x:aequitas_documents] o.a.s.u.UpdateLog Initializing UpdateLog: dataDir= defaultSyncLevel=FLUSH numRecordsToKeep=100 maxNumLogsToKeep=10 numVersionBuckets=65536
2023-04-27 19:29:03.398 INFO  (coreLoadExecutor-13-thread-1) [   x:aequitas_documents] o.a.s.u.CommitTracker Hard AutoCommit: if uncommitted for 15000ms; 
2023-04-27 19:29:03.398 INFO  (coreLoadExecutor-13-thread-1) [   x:aequitas_documents] o.a.s.u.CommitTracker Soft AutoCommit: disabled
2023-04-27 19:29:03.400 INFO  (coreLoadExecutor-13-thread-2) [   x:aequitas_test_documents] o.a.s.u.CommitTracker Hard AutoCommit: if uncommitted for 15000ms; 
2023-04-27 19:29:03.401 INFO  (coreLoadExecutor-13-thread-2) [   x:aequitas_test_documents] o.a.s.u.CommitTracker Soft AutoCommit: disabled
2023-04-27 19:29:03.637 INFO  (coreLoadExecutor-13-thread-2) [   x:aequitas_test_documents] o.a.s.r.ManagedResourceStorage File-based storage initialized to use dir: /home/ec2-user/solr-8.11.0/server/solr/aequitas_test_documents/conf
2023-04-27 19:29:03.638 INFO  (coreLoadExecutor-13-thread-1) [   x:aequitas_documents] o.a.s.r.ManagedResourceStorage File-based storage initialized to use dir: /home/ec2-user/solr-8.11.0/server/solr/aequitas_documents/conf
2023-04-27 19:29:03.642 INFO  (coreLoadExecutor-13-thread-1) [   x:aequitas_documents] o.a.s.r.RestManager Registered ManagedResource impl org.apache.solr.ltr.store.rest.ManagedFeatureStore for path /schema/feature-store
2023-04-27 19:29:03.643 INFO  (coreLoadExecutor-13-thread-2) [   x:aequitas_test_documents] o.a.s.r.RestManager Registered ManagedResource impl org.apache.solr.ltr.store.rest.ManagedFeatureStore for path /schema/feature-store
2023-04-27 19:29:03.643 WARN  (coreLoadExecutor-13-thread-2) [   x:aequitas_test_documents] o.a.s.r.ManagedResource No stored data found for /schema/feature-store
2023-04-27 19:29:03.644 WARN  (coreLoadExecutor-13-thread-1) [   x:aequitas_documents] o.a.s.r.ManagedResource No stored data found for /schema/feature-store
2023-04-27 19:29:03.644 INFO  (coreLoadExecutor-13-thread-2) [   x:aequitas_test_documents] o.a.s.l.s.r.ManagedFeatureStore ------ managed feature ~ loading ------
2023-04-27 19:29:03.645 INFO  (coreLoadExecutor-13-thread-2) [   x:aequitas_test_documents] o.a.s.r.ManagedResource Notified 1 observers of /schema/feature-store
2023-04-27 19:29:03.645 INFO  (coreLoadExecutor-13-thread-2) [   x:aequitas_test_documents] o.a.s.r.RestManager Registered new managed resource /schema/feature-store
2023-04-27 19:29:03.646 INFO  (coreLoadExecutor-13-thread-2) [   x:aequitas_test_documents] o.a.s.r.RestManager Registered ManagedResource impl org.apache.solr.ltr.store.rest.ManagedModelStore for path /schema/model-store
2023-04-27 19:29:03.647 INFO  (coreLoadExecutor-13-thread-1) [   x:aequitas_documents] o.a.s.l.s.r.ManagedFeatureStore ------ managed feature ~ loading ------
2023-04-27 19:29:03.647 INFO  (coreLoadExecutor-13-thread-1) [   x:aequitas_documents] o.a.s.r.ManagedResource Notified 1 observers of /schema/feature-store
2023-04-27 19:29:03.648 INFO  (coreLoadExecutor-13-thread-1) [   x:aequitas_documents] o.a.s.r.RestManager Registered new managed resource /schema/feature-store
2023-04-27 19:29:03.649 INFO  (coreLoadExecutor-13-thread-1) [   x:aequitas_documents] o.a.s.r.RestManager Registered ManagedResource impl org.apache.solr.ltr.store.rest.ManagedModelStore for path /schema/model-store
2023-04-27 19:29:03.650 WARN  (coreLoadExecutor-13-thread-2) [   x:aequitas_test_documents] o.a.s.r.ManagedResource No stored data found for /schema/model-store
2023-04-27 19:29:03.650 INFO  (coreLoadExecutor-13-thread-2) [   x:aequitas_test_documents] o.a.s.l.s.r.ManagedModelStore INIT model store
2023-04-27 19:29:03.650 INFO  (coreLoadExecutor-13-thread-2) [   x:aequitas_test_documents] o.a.s.l.s.r.ManagedModelStore ------ managed models ~ loading ------
2023-04-27 19:29:03.650 INFO  (coreLoadExecutor-13-thread-2) [   x:aequitas_test_documents] o.a.s.r.ManagedResource Notified 1 observers of /schema/model-store
2023-04-27 19:29:03.650 INFO  (coreLoadExecutor-13-thread-2) [   x:aequitas_test_documents] o.a.s.r.RestManager Registered new managed resource /schema/model-store
2023-04-27 19:29:03.659 WARN  (coreLoadExecutor-13-thread-1) [   x:aequitas_documents] o.a.s.r.ManagedResource No stored data found for /schema/model-store
2023-04-27 19:29:03.659 INFO  (coreLoadExecutor-13-thread-1) [   x:aequitas_documents] o.a.s.l.s.r.ManagedModelStore INIT model store
2023-04-27 19:29:03.659 INFO  (coreLoadExecutor-13-thread-1) [   x:aequitas_documents] o.a.s.l.s.r.ManagedModelStore ------ managed models ~ loading ------
2023-04-27 19:29:03.660 INFO  (coreLoadExecutor-13-thread-1) [   x:aequitas_documents] o.a.s.r.ManagedResource Notified 1 observers of /schema/model-store
2023-04-27 19:29:03.660 INFO  (coreLoadExecutor-13-thread-1) [   x:aequitas_documents] o.a.s.r.RestManager Registered new managed resource /schema/model-store
2023-04-27 19:29:03.661 INFO  (coreLoadExecutor-13-thread-1) [   x:aequitas_documents] o.a.s.h.c.SpellCheckComponent Initializing spell checkers
2023-04-27 19:29:03.664 INFO  (coreLoadExecutor-13-thread-1) [   x:aequitas_documents] o.d.s.s.DiceMultipleCaseSuggester init: {name=titleSuggest,field=titleAutocomplete,classname=org.dice.solrenhancements.spellchecker.DiceMultipleCaseSuggester,lookupImpl=org.apache.solr.spelling.suggest.fst.WFSTLookupFactory,buildOnCommit=false,threshold=5.0E-5}
2023-04-27 19:29:03.667 INFO  (coreLoadExecutor-13-thread-2) [   x:aequitas_test_documents] o.a.s.h.c.SpellCheckComponent Initializing spell checkers
2023-04-27 19:29:03.672 INFO  (coreLoadExecutor-13-thread-2) [   x:aequitas_test_documents] o.d.s.s.DiceMultipleCaseSuggester init: {name=titleSuggest,field=titleAutocomplete,classname=org.dice.solrenhancements.spellchecker.DiceMultipleCaseSuggester,lookupImpl=org.apache.solr.spelling.suggest.fst.WFSTLookupFactory,buildOnCommit=false,threshold=5.0E-5}
2023-04-27 19:29:03.673 INFO  (coreLoadExecutor-13-thread-1) [   x:aequitas_documents] o.a.s.h.c.SpellCheckComponent Initializing spell checkers
2023-04-27 19:29:03.673 INFO  (coreLoadExecutor-13-thread-2) [   x:aequitas_test_documents] o.a.s.h.c.SpellCheckComponent Initializing spell checkers
2023-04-27 19:29:03.674 INFO  (coreLoadExecutor-13-thread-2) [   x:aequitas_test_documents] o.d.s.s.DiceSuggester init: {name=skillSuggest,field=skillAutocomplete,suggestionAnalyzerFieldTypeName=skills_from_text,classname=org.dice.solrenhancements.spellchecker.DiceSuggester,lookupImpl=org.apache.solr.spelling.suggest.fst.WFSTLookupFactory,buildOnCommit=false,sourceLocation=skill_counts_A.txt,skill_counts_B.txt,skill_counts_C.txt,skill_counts_D.txt,threshold=5.0E-5}
2023-04-27 19:29:03.676 INFO  (coreLoadExecutor-13-thread-1) [   x:aequitas_documents] o.d.s.s.DiceSuggester init: {name=skillSuggest,field=skillAutocomplete,suggestionAnalyzerFieldTypeName=skills_from_text,classname=org.dice.solrenhancements.spellchecker.DiceSuggester,lookupImpl=org.apache.solr.spelling.suggest.fst.WFSTLookupFactory,buildOnCommit=false,sourceLocation=skill_counts_A.txt,skill_counts_B.txt,skill_counts_C.txt,skill_counts_D.txt,threshold=5.0E-5}
2023-04-27 19:29:03.676 INFO  (coreLoadExecutor-13-thread-2) [   x:aequitas_test_documents] o.a.s.h.c.SpellCheckComponent Initializing spell checkers
2023-04-27 19:29:03.682 INFO  (coreLoadExecutor-13-thread-2) [   x:aequitas_test_documents] o.a.s.s.DirectSolrSpellChecker init: {name=default,field=_text_,classname=solr.DirectSolrSpellChecker,distanceMeasure=internal,accuracy=0.5,maxQueryFrequency=0.01,maxEdits=2,minPrefix=1,maxInspections=5,minQueryLength=4}
2023-04-27 19:29:03.682 INFO  (coreLoadExecutor-13-thread-1) [   x:aequitas_documents] o.a.s.h.c.SpellCheckComponent Initializing spell checkers
2023-04-27 19:29:03.682 INFO  (coreLoadExecutor-13-thread-1) [   x:aequitas_documents] o.a.s.s.DirectSolrSpellChecker init: {name=default,field=_text_,classname=solr.DirectSolrSpellChecker,distanceMeasure=internal,accuracy=0.5,maxQueryFrequency=0.01,maxEdits=2,minPrefix=1,maxInspections=5,minQueryLength=4}
2023-04-27 19:29:03.691 INFO  (coreLoadExecutor-13-thread-1) [   x:aequitas_documents] o.a.s.h.ReplicationHandler Commits will be reserved for 10000 ms
2023-04-27 19:29:03.694 INFO  (coreLoadExecutor-13-thread-2) [   x:aequitas_test_documents] o.a.s.h.ReplicationHandler Commits will be reserved for 10000 ms
2023-04-27 19:29:03.712 INFO  (searcherExecutor-15-thread-1-processing-x:aequitas_documents) [   x:aequitas_documents] o.a.s.c.QuerySenderListener QuerySenderListener done.
2023-04-27 19:29:03.712 INFO  (searcherExecutor-15-thread-1-processing-x:aequitas_documents) [   x:aequitas_documents] o.a.s.h.c.SpellCheckComponent Loading spell index for spellchecker: titleSuggest
2023-04-27 19:29:03.712 INFO  (searcherExecutor-15-thread-1-processing-x:aequitas_documents) [   x:aequitas_documents] o.d.s.s.DiceMultipleCaseSuggester reload()
2023-04-27 19:29:03.712 INFO  (searcherExecutor-15-thread-1-processing-x:aequitas_documents) [   x:aequitas_documents] o.d.s.s.DiceMultipleCaseSuggester build()
2023-04-27 19:29:03.718 INFO  (searcherExecutor-17-thread-1-processing-x:aequitas_test_documents) [   x:aequitas_test_documents] o.a.s.c.QuerySenderListener QuerySenderListener done.
2023-04-27 19:29:03.718 INFO  (searcherExecutor-17-thread-1-processing-x:aequitas_test_documents) [   x:aequitas_test_documents] o.a.s.h.c.SpellCheckComponent Loading spell index for spellchecker: titleSuggest
2023-04-27 19:29:03.719 INFO  (searcherExecutor-17-thread-1-processing-x:aequitas_test_documents) [   x:aequitas_test_documents] o.d.s.s.DiceMultipleCaseSuggester reload()
2023-04-27 19:29:03.719 INFO  (searcherExecutor-17-thread-1-processing-x:aequitas_test_documents) [   x:aequitas_test_documents] o.d.s.s.DiceMultipleCaseSuggester build()
2023-04-27 19:29:03.725 INFO  (searcherExecutor-17-thread-1-processing-x:aequitas_test_documents) [   x:aequitas_test_documents] o.a.s.h.c.SpellCheckComponent Loading spell index for spellchecker: skillSuggest
2023-04-27 19:29:03.725 INFO  (searcherExecutor-17-thread-1-processing-x:aequitas_test_documents) [   x:aequitas_test_documents] o.d.s.s.DiceSuggester reload()
2023-04-27 19:29:03.725 INFO  (searcherExecutor-17-thread-1-processing-x:aequitas_test_documents) [   x:aequitas_test_documents] o.d.s.s.DiceSuggester build()
2023-04-27 19:29:03.726 ERROR (searcherExecutor-17-thread-1-processing-x:aequitas_test_documents) [   x:aequitas_test_documents] o.a.s.h.c.SpellCheckComponent Exception in reloading spell check index for spellchecker: skillSuggest => org.apache.solr.core.SolrResourceNotFoundException: Can't find resource 'skill_counts_A.txt' in classpath or '/home/ec2-user/solr-8.11.0/server/solr/aequitas_test_documents'
	at org.apache.solr.core.SolrResourceLoader.openResource(SolrResourceLoader.java:402)
org.apache.solr.core.SolrResourceNotFoundException: Can't find resource 'skill_counts_A.txt' in classpath or '/home/ec2-user/solr-8.11.0/server/solr/aequitas_test_documents'
	at org.apache.solr.core.SolrResourceLoader.openResource(SolrResourceLoader.java:402) ~[?:?]
	at org.dice.solrenhancements.spellchecker.DiceSuggester.build(DiceSuggester.java:155) ~[?:?]
	at org.dice.solrenhancements.spellchecker.DiceSuggester.reload(DiceSuggester.java:202) ~[?:?]
	at org.apache.solr.handler.component.SpellCheckComponent$SpellCheckerListener.newSearcher(SpellCheckComponent.java:833) ~[?:?]
	at org.apache.solr.core.SolrCore.lambda$getSearcher$16(SolrCore.java:2400) ~[?:?]
	at java.util.concurrent.FutureTask.run(FutureTask.java:264) ~[?:?]
	at org.apache.solr.common.util.ExecutorUtil$MDCAwareThreadPoolExecutor.lambda$execute$0(ExecutorUtil.java:218) ~[?:?]
	at java.util.concurrent.ThreadPoolExecutor.runWorker(ThreadPoolExecutor.java:1128) ~[?:?]
	at java.util.concurrent.ThreadPoolExecutor$Worker.run(ThreadPoolExecutor.java:628) ~[?:?]
	at java.lang.Thread.run(Thread.java:829) [?:?]
2023-04-27 19:29:03.726 INFO  (searcherExecutor-17-thread-1-processing-x:aequitas_test_documents) [   x:aequitas_test_documents] o.a.s.h.c.SpellCheckComponent Loading spell index for spellchecker: default
2023-04-27 19:29:03.734 INFO  (searcherExecutor-17-thread-1-processing-x:aequitas_test_documents) [   x:aequitas_test_documents] o.a.s.c.SolrCore [aequitas_test_documents]  Registered new searcher autowarm time: 0 ms
2023-04-27 19:29:03.739 INFO  (searcherExecutor-15-thread-1-processing-x:aequitas_documents) [   x:aequitas_documents] o.a.s.h.c.SpellCheckComponent Loading spell index for spellchecker: skillSuggest
2023-04-27 19:29:03.739 INFO  (searcherExecutor-15-thread-1-processing-x:aequitas_documents) [   x:aequitas_documents] o.d.s.s.DiceSuggester reload()
2023-04-27 19:29:03.739 INFO  (searcherExecutor-15-thread-1-processing-x:aequitas_documents) [   x:aequitas_documents] o.d.s.s.DiceSuggester build()
2023-04-27 19:29:03.751 ERROR (searcherExecutor-15-thread-1-processing-x:aequitas_documents) [   x:aequitas_documents] o.a.s.h.c.SpellCheckComponent Exception in reloading spell check index for spellchecker: skillSuggest => org.apache.solr.core.SolrResourceNotFoundException: Can't find resource 'skill_counts_A.txt' in classpath or '/home/ec2-user/solr-8.11.0/server/solr/aequitas_documents'
	at org.apache.solr.core.SolrResourceLoader.openResource(SolrResourceLoader.java:402)
org.apache.solr.core.SolrResourceNotFoundException: Can't find resource 'skill_counts_A.txt' in classpath or '/home/ec2-user/solr-8.11.0/server/solr/aequitas_documents'
	at org.apache.solr.core.SolrResourceLoader.openResource(SolrResourceLoader.java:402) ~[?:?]
	at org.dice.solrenhancements.spellchecker.DiceSuggester.build(DiceSuggester.java:155) ~[?:?]
	at org.dice.solrenhancements.spellchecker.DiceSuggester.reload(DiceSuggester.java:202) ~[?:?]
	at org.apache.solr.handler.component.SpellCheckComponent$SpellCheckerListener.newSearcher(SpellCheckComponent.java:833) ~[?:?]
	at org.apache.solr.core.SolrCore.lambda$getSearcher$16(SolrCore.java:2400) ~[?:?]
	at java.util.concurrent.FutureTask.run(FutureTask.java:264) ~[?:?]
	at org.apache.solr.common.util.ExecutorUtil$MDCAwareThreadPoolExecutor.lambda$execute$0(ExecutorUtil.java:218) ~[?:?]
	at java.util.concurrent.ThreadPoolExecutor.runWorker(ThreadPoolExecutor.java:1128) ~[?:?]
	at java.util.concurrent.ThreadPoolExecutor$Worker.run(ThreadPoolExecutor.java:628) ~[?:?]
	at java.lang.Thread.run(Thread.java:829) [?:?]
2023-04-27 19:29:03.751 INFO  (searcherExecutor-15-thread-1-processing-x:aequitas_documents) [   x:aequitas_documents] o.a.s.h.c.SpellCheckComponent Loading spell index for spellchecker: default
2023-04-27 19:29:03.754 INFO  (searcherExecutor-15-thread-1-processing-x:aequitas_documents) [   x:aequitas_documents] o.a.s.c.SolrCore [aequitas_documents]  Registered new searcher autowarm time: 0 ms
2023-04-27 19:29:08.070 INFO  (qtp2024415090-21) [   x:aequitas_test_documents] o.a.s.c.S.Request [aequitas_test_documents]  webapp=/solr path=/select params={q={!type%3Dvector+df%3Dcontent,title}:assault&defType=edismax&start=0&rows=15} hits=1171 status=0 QTime=398
2023-04-27 19:29:14.188 INFO  (qtp2024415090-21) [   ] o.a.s.s.HttpSolrCall [admin] webapp=null path=/admin/cores params={indexInfo=false&wt=json&_=1682623739208} status=0 QTime=0
2023-04-27 19:29:14.201 INFO  (qtp2024415090-22) [   ] o.a.s.s.HttpSolrCall [admin] webapp=null path=/admin/info/system params={wt=json&_=1682623739208} status=0 QTime=13
2023-04-27 19:29:14.223 INFO  (qtp2024415090-20) [   ] o.a.s.s.HttpSolrCall [admin] webapp=null path=/admin/info/system params={wt=json&_=1682623739208} status=0 QTime=6
2023-04-27 19:29:16.598 INFO  (qtp2024415090-21) [   x:aequitas_test_documents] o.a.s.c.S.Request [aequitas_test_documents]  webapp=/solr path=/select params={q={!type%3Dvector+df%3Dcontent,title}:assult&defType=edismax&start=0&rows=15} hits=422 status=0 QTime=52
2023-04-27 19:29:18.170 INFO  (qtp2024415090-21) [   ] o.a.s.s.HttpSolrCall [admin] webapp=null path=/admin/cores params={indexInfo=false&wt=json&_=1682623739208} status=0 QTime=0
2023-04-27 19:29:18.188 INFO  (qtp2024415090-21) [   ] o.a.s.s.HttpSolrCall [admin] webapp=null path=/admin/info/properties params={wt=json&_=1682623756536} status=0 QTime=0
2023-04-27 19:29:18.189 INFO  (qtp2024415090-24) [   ] o.a.s.s.HttpSolrCall [admin] webapp=null path=/admin/info/system params={wt=json&_=1682623739208} status=0 QTime=6
2023-04-27 19:29:20.250 INFO  (qtp2024415090-20) [   x:aequitas_test_documents] o.a.s.c.S.Request [aequitas_test_documents]  webapp=/solr path=/select params={q={!type%3Dvector+df%3Dcontent,title}:assult&defType=edismax&start=0&rows=15} hits=422 status=0 QTime=16
2023-04-27 19:29:21.196 INFO  (qtp2024415090-20) [   x:aequitas_test_documents] o.a.s.c.S.Request [aequitas_test_documents]  webapp=/solr path=/select params={q={!type%3Dvector+df%3Dcontent,title}:assult&defType=edismax&start=0&rows=15} hits=422 status=0 QTime=6
2023-04-27 19:29:22.150 INFO  (qtp2024415090-16) [   ] o.a.s.s.HttpSolrCall [admin] webapp=null path=/admin/cores params={indexInfo=false&wt=json&_=1682623739208} status=0 QTime=0
2023-04-27 19:29:22.225 INFO  (qtp2024415090-20) [   ] o.a.s.s.HttpSolrCall [admin] webapp=null path=/admin/info/system params={wt=json&_=1682623739208} status=0 QTime=64
2023-04-27 19:29:22.237 INFO  (qtp2024415090-16) [   ] o.a.s.s.HttpSolrCall [admin] webapp=null path=/admin/info/threads params={wt=json&_=1682623760520} status=0 QTime=71
2023-04-27 19:29:27.757 INFO  (qtp2024415090-23) [   ] o.a.s.s.HttpSolrCall [admin] webapp=null path=/admin/cores params={indexInfo=false&wt=json&_=1682623739208} status=0 QTime=0
2023-04-27 19:29:27.772 INFO  (qtp2024415090-19) [   ] o.a.s.s.HttpSolrCall [admin] webapp=null path=/admin/info/system params={wt=json&_=1682623739208} status=0 QTime=8
2023-04-27 19:29:27.801 INFO  (qtp2024415090-23) [   ] o.a.s.s.HttpSolrCall [admin] webapp=null path=/admin/info/system params={wt=json&_=1682623739208} status=0 QTime=5
2023-04-27 19:29:28.335 INFO  (qtp2024415090-24) [   ] o.a.s.s.HttpSolrCall [admin] webapp=null path=/admin/cores params={indexInfo=false&wt=json&_=1682623768262} status=0 QTime=0
2023-04-27 19:29:28.351 INFO  (qtp2024415090-24) [   ] o.a.s.s.HttpSolrCall [admin] webapp=null path=/admin/info/system params={wt=json&_=1682623768262} status=0 QTime=12
2023-04-27 19:30:13.790 INFO  (qtp2024415090-19) [   x:aequitas_test_documents] o.a.s.c.S.Request [aequitas_test_documents]  webapp=/solr path=/get params={ids=18150816409044838618d3af4fd2d3fe} status=0 QTime=5
2023-04-27 19:33:25.550 INFO  (qtp2024415090-18) [   x:aequitas_test_documents] o.a.s.c.S.Request [aequitas_test_documents]  webapp=/solr path=/select params={q={!type%3Dvector+df%3Dcontent,title}:assault&defType=edismax&start=0&rows=15} hits=1171 status=0 QTime=7
2023-04-27 19:36:59.629 INFO  (qtp2024415090-24) [   ] o.a.s.s.HttpSolrCall [admin] webapp=null path=/admin/cores params={indexInfo=false&wt=json&_=1682623768262} status=0 QTime=0
2023-04-27 19:36:59.643 INFO  (qtp2024415090-20) [   ] o.a.s.s.HttpSolrCall [admin] webapp=null path=/admin/info/system params={wt=json&_=1682623768262} status=0 QTime=5
2023-04-27 19:36:59.668 INFO  (qtp2024415090-21) [   ] o.a.s.s.HttpSolrCall [admin] webapp=null path=/admin/info/system params={wt=json&_=1682623768262} status=0 QTime=5
2023-04-27 19:38:49.429 INFO  (qtp2024415090-20) [   ] o.a.s.s.HttpSolrCall [admin] webapp=null path=/admin/cores params={indexInfo=false&wt=json&_=1682623768262} status=0 QTime=0
2023-04-27 19:38:49.430 INFO  (qtp2024415090-21) [   ] o.a.s.s.HttpSolrCall [admin] webapp=null path=/admin/info/system params={wt=json&_=1682623768262} status=0 QTime=6
2023-04-27 19:46:32.236 INFO  (qtp2024415090-22) [   x:aequitas_test_documents] o.a.s.c.S.Request [aequitas_test_documents]  webapp=/solr path=/select params={q={!type%3Dvector+df%3Dcontent,title}:assault&defType=edismax&start=0&rows=15} hits=1171 status=0 QTime=7
2023-04-27 19:46:37.647 INFO  (qtp2024415090-22) [   x:aequitas_test_documents] o.a.s.c.S.Request [aequitas_test_documents]  webapp=/solr path=/select params={q={!type%3Dvector+df%3Dcontent,title}:assault&defType=edismax&start=2&rows=15} hits=1171 status=0 QTime=7
2023-04-27 19:46:59.763 INFO  (qtp2024415090-22) [   x:aequitas_test_documents] o.a.s.c.S.Request [aequitas_test_documents]  webapp=/solr path=/select params={q={!type%3Dvector+df%3Dcontent,title}:assault&defType=edismax&start=1&rows=15} hits=1171 status=0 QTime=11
2023-04-27 19:51:06.920 INFO  (qtp2024415090-21) [   x:aequitas_test_documents] o.a.s.c.S.Request [aequitas_test_documents]  webapp=/solr path=/select params={q={!type%3Dvector+df%3Dcontent,title}:assault&defType=edismax&start=1&rows=15} hits=1171 status=0 QTime=4
2023-04-27 19:51:15.270 INFO  (qtp2024415090-15) [   x:aequitas_test_documents] o.a.s.c.S.Request [aequitas_test_documents]  webapp=/solr path=/select params={q={!type%3Dvector+df%3Dcontent,title}:assault&defType=edismax&start=2&rows=15} hits=1171 status=0 QTime=4
2023-04-27 19:51:56.607 INFO  (qtp2024415090-15) [   x:aequitas_documents] o.a.s.c.S.Request [aequitas_documents]  webapp=/solr path=/schema/fields params={} status=0 QTime=4
2023-04-27 19:52:59.889 INFO  (qtp2024415090-15) [   x:aequitas_test_documents] o.a.s.c.S.Request [aequitas_test_documents]  webapp=/solr path=/select params={q={!type%3Dvector+df%3Dcontent,title}:assault&defType=edismax&start=0&rows=15} hits=1171 status=0 QTime=4
2023-04-27 19:53:04.571 INFO  (qtp2024415090-15) [   x:aequitas_test_documents] o.a.s.c.S.Request [aequitas_test_documents]  webapp=/solr path=/select params={q={!type%3Dvector+df%3Dcontent,title}:assault&defType=edismax&start=30&rows=15} hits=1171 status=0 QTime=158
2023-04-27 20:00:15.413 INFO  (qtp2024415090-20) [   x:aequitas_documents] o.a.s.c.S.Request [aequitas_documents]  webapp=/solr path=/schema/fields params={} status=0 QTime=0
2023-05-02 19:25:05.951 INFO  (JettyShutdownThread) [   ] o.e.j.s.AbstractConnector Stopped ServerConnector@4233e892{HTTP/1.1, (http/1.1, h2c)}{0.0.0.0:8983}
2023-05-02 19:25:05.951 INFO  (JettyShutdownThread) [   ] o.e.j.s.session node0 Stopped scavenging
2023-05-02 19:25:05.988 INFO  (JettyShutdownThread) [   ] o.a.s.c.CoreContainer Shutting down CoreContainer instance=836621476
2023-05-02 19:25:06.010 INFO  (coreCloseExecutor-27-thread-1) [   ] o.a.s.c.SolrCore [aequitas_documents]  CLOSING SolrCore org.apache.solr.core.SolrCore@59547123
2023-05-02 19:25:06.010 INFO  (coreCloseExecutor-27-thread-1) [   ] o.a.s.m.SolrMetricManager Closing metric reporters for registry=solr.core.aequitas_documents tag=SolrCore@59547123
2023-05-02 19:25:06.010 INFO  (coreCloseExecutor-27-thread-1) [   ] o.a.s.m.r.SolrJmxReporter Closing reporter [org.apache.solr.metrics.reporters.SolrJmxReporter@d48ccf5: rootName = null, domain = solr.core.aequitas_documents, service url = null, agent id = null] for registry solr.core.aequitas_documents/com.codahale.metrics.MetricRegistry@d20412e
2023-05-02 19:25:06.015 INFO  (coreCloseExecutor-27-thread-2) [   ] o.a.s.c.SolrCore [aequitas_test_documents]  CLOSING SolrCore org.apache.solr.core.SolrCore@525023cd
2023-05-02 19:25:06.041 INFO  (coreCloseExecutor-27-thread-2) [   ] o.a.s.m.SolrMetricManager Closing metric reporters for registry=solr.core.aequitas_test_documents tag=SolrCore@525023cd
2023-05-02 19:25:06.041 INFO  (coreCloseExecutor-27-thread-2) [   ] o.a.s.m.r.SolrJmxReporter Closing reporter [org.apache.solr.metrics.reporters.SolrJmxReporter@31807c93: rootName = null, domain = solr.core.aequitas_test_documents, service url = null, agent id = null] for registry solr.core.aequitas_test_documents/com.codahale.metrics.MetricRegistry@31f45e02
2023-05-02 19:25:06.069 INFO  (coreCloseExecutor-27-thread-1) [   ] o.a.s.u.DirectUpdateHandler2 Committing on IndexWriter.close()  ... SKIPPED (unnecessary).
2023-05-02 19:25:06.089 INFO  (coreCloseExecutor-27-thread-2) [   ] o.a.s.u.DirectUpdateHandler2 Committing on IndexWriter.close()  ... SKIPPED (unnecessary).
2023-05-02 19:25:06.276 INFO  (JettyShutdownThread) [   ] o.a.s.m.SolrMetricManager Closing metric reporters for registry=solr.node tag=null
2023-05-02 19:25:06.276 INFO  (JettyShutdownThread) [   ] o.a.s.m.r.SolrJmxReporter Closing reporter [org.apache.solr.metrics.reporters.SolrJmxReporter@2687725a: rootName = null, domain = solr.node, service url = null, agent id = null] for registry solr.node/com.codahale.metrics.MetricRegistry@66f1eaa6
2023-05-02 19:25:06.288 INFO  (JettyShutdownThread) [   ] o.a.s.m.SolrMetricManager Closing metric reporters for registry=solr.jvm tag=null
2023-05-02 19:25:06.288 INFO  (JettyShutdownThread) [   ] o.a.s.m.r.SolrJmxReporter Closing reporter [org.apache.solr.metrics.reporters.SolrJmxReporter@2e73d5eb: rootName = null, domain = solr.jvm, service url = null, agent id = null] for registry solr.jvm/com.codahale.metrics.MetricRegistry@1b015524
2023-05-02 19:25:06.290 INFO  (JettyShutdownThread) [   ] o.a.s.m.SolrMetricManager Closing metric reporters for registry=solr.jetty tag=null
2023-05-02 19:25:06.291 INFO  (JettyShutdownThread) [   ] o.a.s.m.r.SolrJmxReporter Closing reporter [org.apache.solr.metrics.reporters.SolrJmxReporter@79c5460e: rootName = null, domain = solr.jetty, service url = null, agent id = null] for registry solr.jetty/com.codahale.metrics.MetricRegistry@10493967
2023-05-02 19:25:06.306 INFO  (JettyShutdownThread) [   ] o.e.j.s.h.ContextHandler Stopped o.e.j.w.WebAppContext@34a97744{/solr,null,STOPPED}{/home/ec2-user/solr-8.11.0/server/solr-webapp/webapp}
